0 info it worked if it ends with ok
1 verbose cli [ 'C:\\Program Files\\nodejs\\node.exe',
1 verbose cli   'C:\\Program Files\\nodejs\\node_modules\\npm\\bin\\npm-cli.js',
1 verbose cli   'publish' ]
2 info using npm@3.10.3
3 info using node@v6.3.1
4 verbose publish [ '.' ]
5 silly cache add args [ '.', null ]
6 verbose cache add spec .
7 silly cache add parsed spec Result {
7 silly cache add   raw: '.',
7 silly cache add   scope: null,
7 silly cache add   escapedName: null,
7 silly cache add   name: null,
7 silly cache add   rawSpec: '.',
7 silly cache add   spec: 'D:\\Nenad-DOIT praksa\\Section 3\\NPM\\hello-nenad',
7 silly cache add   type: 'directory' }
8 verbose addLocalDirectory C:\Users\Nenad\AppData\Roaming\npm-cache\hello-nenad\1.0.0\package.tgz not in flight; packing
9 verbose correctMkdir C:\Users\Nenad\AppData\Roaming\npm-cache correctMkdir not in flight; initializing
10 info lifecycle hello-nenad@1.0.0~prepublish: hello-nenad@1.0.0
11 silly lifecycle hello-nenad@1.0.0~prepublish: no script for prepublish, continuing
12 verbose tar pack [ 'C:\\Users\\Nenad\\AppData\\Roaming\\npm-cache\\hello-nenad\\1.0.0\\package.tgz',
12 verbose tar pack   'D:\\Nenad-DOIT praksa\\Section 3\\NPM\\hello-nenad' ]
13 verbose tarball C:\Users\Nenad\AppData\Roaming\npm-cache\hello-nenad\1.0.0\package.tgz
14 verbose folder D:\Nenad-DOIT praksa\Section 3\NPM\hello-nenad
15 verbose addLocalTarball adding from inside cache C:\Users\Nenad\AppData\Roaming\npm-cache\hello-nenad\1.0.0\package.tgz
16 verbose correctMkdir C:\Users\Nenad\AppData\Roaming\npm-cache correctMkdir not in flight; initializing
17 silly cache afterAdd hello-nenad@1.0.0
18 verbose afterAdd C:\Users\Nenad\AppData\Roaming\npm-cache\hello-nenad\1.0.0\package\package.json not in flight; writing
19 verbose correctMkdir C:\Users\Nenad\AppData\Roaming\npm-cache correctMkdir not in flight; initializing
20 verbose afterAdd C:\Users\Nenad\AppData\Roaming\npm-cache\hello-nenad\1.0.0\package\package.json written
21 silly publish { name: 'hello-nenad',
21 silly publish   version: '1.0.0',
21 silly publish   description: 'Say hello to Nenad',
21 silly publish   main: 'index.js',
21 silly publish   scripts: { test: 'echo "Error: no test specified" && exit 1' },
21 silly publish   repository:
21 silly publish    { type: 'git',
21 silly publish      url: 'git+https://github.com/boske3/hello-nenad.git' },
21 silly publish   keywords: [ 'nenad' ],
21 silly publish   author: { name: 'Nenad Bosanac' },
21 silly publish   license: 'ISC',
21 silly publish   bugs: { url: 'https://github.com/boske3/hello-nenad/issues' },
21 silly publish   homepage: 'https://github.com/boske3/hello-nenad#readme',
21 silly publish   gitHead: 'cbe8a75e85ee4e37b9d16099ff66980f34f00b2c',
21 silly publish   readme: 'ERROR: No README data found!',
21 silly publish   _id: 'hello-nenad@1.0.0',
21 silly publish   _shasum: 'c7487c9aea6cbeaa36782127c77c1f5fefdb0ab0',
21 silly publish   _from: '.' }
22 verbose getPublishConfig undefined
23 silly mapToRegistry name hello-nenad
24 silly mapToRegistry using default registry
25 silly mapToRegistry registry https://registry.npmjs.org/
26 silly mapToRegistry data Result {
26 silly mapToRegistry   raw: 'hello-nenad',
26 silly mapToRegistry   scope: null,
26 silly mapToRegistry   escapedName: 'hello-nenad',
26 silly mapToRegistry   name: 'hello-nenad',
26 silly mapToRegistry   rawSpec: '',
26 silly mapToRegistry   spec: 'latest',
26 silly mapToRegistry   type: 'tag' }
27 silly mapToRegistry uri https://registry.npmjs.org/hello-nenad
28 verbose publish registryBase https://registry.npmjs.org/
29 silly publish uploading C:\Users\Nenad\AppData\Roaming\npm-cache\hello-nenad\1.0.0\package.tgz
30 verbose request uri https://registry.npmjs.org/hello-nenad
31 verbose request sending authorization for write operation
32 info attempt registry request try #1 at 12:05:16 PM
33 verbose request using bearer token for auth
34 verbose request id 377cf263a1fa426b
35 http request PUT https://registry.npmjs.org/hello-nenad
36 http 403 https://registry.npmjs.org/hello-nenad
37 verbose headers { 'content-type': 'application/json',
37 verbose headers   'cache-control': 'max-age=300',
37 verbose headers   'content-length': '95',
37 verbose headers   'accept-ranges': 'bytes',
37 verbose headers   date: 'Mon, 15 Aug 2016 10:05:17 GMT',
37 verbose headers   via: '1.1 varnish',
37 verbose headers   connection: 'keep-alive',
37 verbose headers   'x-served-by': 'cache-fra1244-FRA',
37 verbose headers   'x-cache': 'MISS',
37 verbose headers   'x-cache-hits': '0',
37 verbose headers   'x-timer': 'S1471255516.767637,VS0,VE888',
37 verbose headers   vary: 'Accept-Encoding' }
38 verbose request invalidating C:\Users\Nenad\AppData\Roaming\npm-cache\registry.npmjs.org\hello-nenad on PUT
39 error publish Failed PUT 403
40 verbose stack Error: "You cannot publish over the previously published version 1.0.0." : hello-nenad
40 verbose stack     at makeError (C:\Program Files\nodejs\node_modules\npm\node_modules\npm-registry-client\lib\request.js:264:12)
40 verbose stack     at CachingRegistryClient.<anonymous> (C:\Program Files\nodejs\node_modules\npm\node_modules\npm-registry-client\lib\request.js:252:14)
40 verbose stack     at Request._callback (C:\Program Files\nodejs\node_modules\npm\node_modules\npm-registry-client\lib\request.js:172:14)
40 verbose stack     at Request.self.callback (C:\Program Files\nodejs\node_modules\npm\node_modules\request\request.js:200:22)
40 verbose stack     at emitTwo (events.js:106:13)
40 verbose stack     at Request.emit (events.js:191:7)
40 verbose stack     at Request.<anonymous> (C:\Program Files\nodejs\node_modules\npm\node_modules\request\request.js:1067:10)
40 verbose stack     at emitOne (events.js:101:20)
40 verbose stack     at Request.emit (events.js:188:7)
40 verbose stack     at IncomingMessage.<anonymous> (C:\Program Files\nodejs\node_modules\npm\node_modules\request\request.js:988:12)
41 verbose statusCode 403
42 verbose pkgid hello-nenad
43 verbose cwd D:\Nenad-DOIT praksa\Section 3\NPM\hello-nenad
44 error Windows_NT 6.1.7601
45 error argv "C:\\Program Files\\nodejs\\node.exe" "C:\\Program Files\\nodejs\\node_modules\\npm\\bin\\npm-cli.js" "publish"
46 error node v6.3.1
47 error npm  v3.10.3
48 error code E403
49 error "You cannot publish over the previously published version 1.0.0." : hello-nenad
50 error If you need help, you may report this error at:
50 error     <https://github.com/npm/npm/issues>
51 verbose exit [ 1, true ]
